<?xml version="1.0" encoding="UTF-8"?>
<!-- Generated by org.testng.reporters.JUnitReportReporter -->
<testsuite hostname="Sibasankar" failures="0" tests="1" name="com.rmgyantra.waysToPostARequest.CreateObjectByJsonObject" time="5.477" errors="0" timestamp="2022-02-25T15:39:27 IST" skipped="0">
  <testcase classname="com.rmgyantra.waysToPostARequest.CreateObjectByJsonObject" name="createResource" time="5.477"/>
  <system-out/>
</testsuite> <!-- com.rmgyantra.waysToPostARequest.CreateObjectByJsonObject -->
