<?xml version="1.0" encoding="UTF-8"?>
<!-- Generated by org.testng.reporters.JUnitReportReporter -->
<testsuite hostname="Sibasankar" failures="0" tests="1" name="com.rmgyantra.CRUDoperationwithputBDD.getAllTheresourceTest" time="11.919" errors="0" timestamp="2022-02-24T16:49:19 IST" skipped="0">
  <testcase classname="com.rmgyantra.CRUDoperationwithputBDD.getAllTheresourceTest" name="getResource" time="11.919"/>
  <system-out/>
</testsuite> <!-- com.rmgyantra.CRUDoperationwithputBDD.getAllTheresourceTest -->
