<?xml version="1.0" encoding="UTF-8"?>
<!-- Generated by org.testng.reporters.JUnitReportReporter -->
<testsuite hostname="Sibasankar" failures="0" tests="1" name="com.rmgyantra.waysToPostARequest.PostByUsingPojoClassTest" time="4.077" errors="0" timestamp="2022-02-25T16:29:38 IST" skipped="0">
  <testcase classname="com.rmgyantra.waysToPostARequest.PostByUsingPojoClassTest" name="byUsingPojoClass" time="4.077"/>
  <system-out/>
</testsuite> <!-- com.rmgyantra.waysToPostARequest.PostByUsingPojoClassTest -->
