<?xml version="1.0" encoding="UTF-8"?>
<!-- Generated by org.testng.reporters.JUnitReportReporter -->
<testsuite hostname="Sibasankar" failures="0" tests="1" name="com.rmgyantra.CRUDoperationwithBDD.CompleteUpdateTheResourceTest" time="6.792" errors="0" timestamp="2022-02-25T12:58:31 IST" skipped="0">
  <testcase classname="com.rmgyantra.CRUDoperationwithBDD.CompleteUpdateTheResourceTest" name="completeUpdate" time="6.792"/>
  <system-out/>
</testsuite> <!-- com.rmgyantra.CRUDoperationwithBDD.CompleteUpdateTheResourceTest -->
