<?xml version="1.0" encoding="UTF-8"?>
<!-- Generated by org.testng.reporters.JUnitReportReporter -->
<testsuite hostname="Sibasankar" failures="0" tests="1" name="com.rmgyantra.CRUDoperationwithputBDD.CreateAllResourceTest" time="6.988" errors="0" timestamp="2022-02-24T17:18:27 IST" skipped="0">
  <testcase classname="com.rmgyantra.CRUDoperationwithputBDD.CreateAllResourceTest" name="create" time="6.988"/>
  <system-out/>
</testsuite> <!-- com.rmgyantra.CRUDoperationwithputBDD.CreateAllResourceTest -->
