<?xml version="1.0" encoding="UTF-8"?>
<!-- Generated by org.testng.reporters.JUnitReportReporter -->
<testsuite hostname="Sibasankar" failures="0" tests="1" name="com.rmgyantra.waysToPostARequest.PostByCreatingJsonFileTest" time="2.808" errors="0" timestamp="2022-02-25T16:34:26 IST" skipped="0">
  <testcase classname="com.rmgyantra.waysToPostARequest.PostByCreatingJsonFileTest" name="creatingByFile" time="2.808"/>
  <system-out/>
</testsuite> <!-- com.rmgyantra.waysToPostARequest.PostByCreatingJsonFileTest -->
