<?xml version="1.0" encoding="UTF-8"?>
<!-- Generated by org.testng.reporters.JUnitReportReporter -->
<testsuite hostname="Sibasankar" failures="0" tests="1" name="com.rmgyantra.CRUDoperationwithputBDD.PartialUpdationTest" time="3.944" errors="0" timestamp="2022-02-24T17:56:31 IST" skipped="0">
  <testcase classname="com.rmgyantra.CRUDoperationwithputBDD.PartialUpdationTest" name="updataion" time="3.944"/>
  <system-out/>
</testsuite> <!-- com.rmgyantra.CRUDoperationwithputBDD.PartialUpdationTest -->
