<?xml version="1.0" encoding="UTF-8"?>
<!-- Generated by org.testng.reporters.JUnitReportReporter -->
<testsuite hostname="Sibasankar" failures="0" tests="1" name="com.rmgyantra.CRUDoperationwithBDD.CreateTheResourceTest" time="12.451" errors="0" timestamp="2022-02-25T12:30:05 IST" skipped="0">
  <testcase classname="com.rmgyantra.CRUDoperationwithBDD.CreateTheResourceTest" name="create" time="12.451"/>
  <system-out/>
</testsuite> <!-- com.rmgyantra.CRUDoperationwithBDD.CreateTheResourceTest -->
