<?xml version="1.0" encoding="UTF-8"?>
<!-- Generated by org.testng.reporters.JUnitReportReporter -->
<testsuite hostname="Sibasankar" failures="0" tests="1" name="com.rmgyantra.CRUDoperationwithBDD.GetAlltheresourceTest" time="8.313" errors="0" timestamp="2022-02-25T12:17:27 IST" skipped="0">
  <testcase classname="com.rmgyantra.CRUDoperationwithBDD.GetAlltheresourceTest" name="getResource" time="8.313"/>
  <system-out/>
</testsuite> <!-- com.rmgyantra.CRUDoperationwithBDD.GetAlltheresourceTest -->
