<?xml version="1.0" encoding="UTF-8"?>
<!-- Generated by org.testng.reporters.JUnitReportReporter -->
<testsuite hostname="Sibasankar" failures="0" tests="1" name="com.rmgyantra.waysToPostARequest.PostUsingHashmapTest" time="4.453" errors="0" timestamp="2022-02-25T15:49:00 IST" skipped="0">
  <testcase classname="com.rmgyantra.waysToPostARequest.PostUsingHashmapTest" name="postByHashMap" time="4.453"/>
  <system-out/>
</testsuite> <!-- com.rmgyantra.waysToPostARequest.PostUsingHashmapTest -->
