<?xml version="1.0" encoding="UTF-8"?>
<!-- Generated by org.testng.reporters.JUnitReportReporter -->
<testsuite hostname="Sibasankar" failures="0" tests="1" name="com.rmgyantra.CRUDoperationwithBDD.DeleteTheResourceTest" time="5.430" errors="0" timestamp="2022-02-25T13:17:37 IST" skipped="0">
  <testcase classname="com.rmgyantra.CRUDoperationwithBDD.DeleteTheResourceTest" name="deleteTheResource" time="5.430"/>
  <system-out/>
</testsuite> <!-- com.rmgyantra.CRUDoperationwithBDD.DeleteTheResourceTest -->
