<?xml version="1.0" encoding="UTF-8"?>
<!-- Generated by org.testng.reporters.JUnitReportReporter -->
<testsuite hostname="Sibasankar" failures="0" tests="1" name="com.rmgyantra.CRUDoperationwithputBDD.DeleteTheResource" time="6.184" errors="0" timestamp="2022-02-24T18:02:12 IST" skipped="0">
  <testcase classname="com.rmgyantra.CRUDoperationwithputBDD.DeleteTheResource" name="delete" time="6.184"/>
  <system-out/>
</testsuite> <!-- com.rmgyantra.CRUDoperationwithputBDD.DeleteTheResource -->
