<?xml version="1.0" encoding="UTF-8"?>
<!-- Generated by org.testng.reporters.JUnitReportReporter -->
<testsuite hostname="Sibasankar" failures="0" tests="1" name="com.rmgyantra.CRUDoperationwithputBDD.UpdateTheResourceTest" time="4.843" errors="0" timestamp="2022-02-24T17:37:04 IST" skipped="0">
  <testcase classname="com.rmgyantra.CRUDoperationwithputBDD.UpdateTheResourceTest" name="completeUpdate" time="4.843"/>
  <system-out/>
</testsuite> <!-- com.rmgyantra.CRUDoperationwithputBDD.UpdateTheResourceTest -->
