<?xml version="1.0" encoding="UTF-8"?>
<!-- Generated by org.testng.reporters.JUnitReportReporter -->
<testsuite hostname="Sibasankar" failures="0" tests="1" name="com.rmgyantra.CRUDoperationwithBDD.PartialUpdateOfTheResourceTest" time="5.438" errors="0" timestamp="2022-02-25T13:09:10 IST" skipped="0">
  <testcase classname="com.rmgyantra.CRUDoperationwithBDD.PartialUpdateOfTheResourceTest" name="partialUpdate" time="5.438"/>
  <system-out/>
</testsuite> <!-- com.rmgyantra.CRUDoperationwithBDD.PartialUpdateOfTheResourceTest -->
